[32m2017-12-19 13:25:06.230 WAT [main] c.b.a.Application INFO : Starting Application on ubuntu-mohamed-bootcamp-prod with PID 11916 (/Bootcamp/Clone/notification.generator.services/target/classes started by root in /Bootcamp/Clone/notification.generator.services)
[m[32m2017-12-19 13:25:06.249 WAT [main] c.b.a.Application DEBUG: Running with Spring Boot v1.5.8.RELEASE, Spring v4.3.12.RELEASE
[m[32m2017-12-19 13:25:06.250 WAT [main] c.b.a.Application INFO : No active profile set, falling back to default profiles: default
[m[32m2017-12-19 13:25:07.752 WAT [main] o.s.b.c.e.AnnotationConfigEmbeddedWebApplicationContext INFO : Refreshing org.springframework.boot.context.embedded.AnnotationConfigEmbeddedWebApplicationContext@7c968e7: startup date [Tue Dec 19 13:25:07 WAT 2017]; root of context hierarchy
[m[32m2017-12-19 13:25:14.328 WAT [main] o.s.c.s.PostProcessorRegistrationDelegate$BeanPostProcessorChecker INFO : Bean 'org.springframework.cache.annotation.ProxyCachingConfiguration' of type [org.springframework.cache.annotation.ProxyCachingConfiguration$$EnhancerBySpringCGLIB$$dfcace75] is not eligible for getting processed by all BeanPostProcessors (for example: not eligible for auto-proxying)
[m[32m2017-12-19 13:25:14.411 WAT [main] o.s.c.s.PostProcessorRegistrationDelegate$BeanPostProcessorChecker INFO : Bean 'org.springframework.boot.autoconfigure.cache.CacheAutoConfiguration' of type [org.springframework.boot.autoconfigure.cache.CacheAutoConfiguration$$EnhancerBySpringCGLIB$$d43e9319] is not eligible for getting processed by all BeanPostProcessors (for example: not eligible for auto-proxying)
[m[32m2017-12-19 13:25:14.728 WAT [main] o.s.c.s.PostProcessorRegistrationDelegate$BeanPostProcessorChecker INFO : Bean 'spring.cache-org.springframework.boot.autoconfigure.cache.CacheProperties' of type [org.springframework.boot.autoconfigure.cache.CacheProperties] is not eligible for getting processed by all BeanPostProcessors (for example: not eligible for auto-proxying)
[m[32m2017-12-19 13:25:14.799 WAT [main] o.s.c.s.PostProcessorRegistrationDelegate$BeanPostProcessorChecker INFO : Bean 'cacheManagerCustomizers' of type [org.springframework.boot.autoconfigure.cache.CacheManagerCustomizers] is not eligible for getting processed by all BeanPostProcessors (for example: not eligible for auto-proxying)
[m[32m2017-12-19 13:25:14.815 WAT [main] o.s.c.s.PostProcessorRegistrationDelegate$BeanPostProcessorChecker INFO : Bean 'org.springframework.boot.autoconfigure.cache.SimpleCacheConfiguration' of type [org.springframework.boot.autoconfigure.cache.SimpleCacheConfiguration$$EnhancerBySpringCGLIB$$75da05fa] is not eligible for getting processed by all BeanPostProcessors (for example: not eligible for auto-proxying)
[m[32m2017-12-19 13:25:14.905 WAT [main] o.s.c.s.PostProcessorRegistrationDelegate$BeanPostProcessorChecker INFO : Bean 'cacheManager' of type [org.springframework.cache.concurrent.ConcurrentMapCacheManager] is not eligible for getting processed by all BeanPostProcessors (for example: not eligible for auto-proxying)
[m[32m2017-12-19 13:25:14.907 WAT [main] o.s.c.s.PostProcessorRegistrationDelegate$BeanPostProcessorChecker INFO : Bean 'cacheAutoConfigurationValidator' of type [org.springframework.boot.autoconfigure.cache.CacheAutoConfiguration$CacheManagerValidator] is not eligible for getting processed by all BeanPostProcessors (for example: not eligible for auto-proxying)
[m[32m2017-12-19 13:25:16.676 WAT [main] o.s.b.c.e.t.TomcatEmbeddedServletContainer INFO : Tomcat initialized with port(s): 8092 (http)
[m[32m2017-12-19 13:25:17.150 WAT [localhost-startStop-1] o.s.w.c.ContextLoader INFO : Root WebApplicationContext: initialization completed in 9402 ms
[m[32m2017-12-19 13:25:18.281 WAT [localhost-startStop-1] o.s.b.w.s.ServletRegistrationBean INFO : Mapping servlet: 'dispatcherServlet' to [/]
[m[32m2017-12-19 13:25:18.302 WAT [localhost-startStop-1] o.s.b.w.s.FilterRegistrationBean INFO : Mapping filter: 'metricsFilter' to: [/*]
[m[32m2017-12-19 13:25:18.310 WAT [localhost-startStop-1] o.s.b.w.s.FilterRegistrationBean INFO : Mapping filter: 'characterEncodingFilter' to: [/*]
[m[32m2017-12-19 13:25:18.310 WAT [localhost-startStop-1] o.s.b.w.s.FilterRegistrationBean INFO : Mapping filter: 'webRequestLoggingFilter' to: [/*]
[m[32m2017-12-19 13:25:18.310 WAT [localhost-startStop-1] o.s.b.w.s.FilterRegistrationBean INFO : Mapping filter: 'applicationContextIdFilter' to: [/*]
[m[32m2017-12-19 13:25:19.994 WAT [main] o.s.w.s.m.m.a.RequestMappingHandlerMapping INFO : Mapped "{[/send],methods=[GET]}" onto public void com.bootcamp.Diffusion.controllers.SenderController.send()
[m[32m2017-12-19 13:25:19.999 WAT [main] o.s.w.s.m.m.a.RequestMappingHandlerMapping INFO : Mapped "{[/]}" onto public java.lang.String com.bootcamp.Generator.controllers.HomeController.index()
[m[32m2017-12-19 13:25:20.009 WAT [main] o.s.w.s.m.m.a.RequestMappingHandlerMapping INFO : Mapped "{[/notifications],methods=[POST]}" onto public org.springframework.http.ResponseEntity<java.lang.Boolean> com.bootcamp.Generator.controllers.NotificationController.checkEventAndgenerateNotification(com.bootcamp.Generator.Classes.NotificationInput) throws java.io.FileNotFoundException,java.io.IOException,java.io.IOException
[m[32m2017-12-19 13:25:20.010 WAT [main] o.s.w.s.m.m.a.RequestMappingHandlerMapping INFO : Mapped "{[/notifications/],methods=[PUT]}" onto public org.springframework.http.ResponseEntity<com.bootcamp.entities.Notification> com.bootcamp.Generator.controllers.NotificationController.update(com.bootcamp.entities.Notification)
[m[32m2017-12-19 13:25:20.010 WAT [main] o.s.w.s.m.m.a.RequestMappingHandlerMapping INFO : Mapped "{[/notifications/{id}],methods=[GET]}" onto public org.springframework.http.ResponseEntity<com.bootcamp.entities.Notification> com.bootcamp.Generator.controllers.NotificationController.read(int)
[m[32m2017-12-19 13:25:20.010 WAT [main] o.s.w.s.m.m.a.RequestMappingHandlerMapping INFO : Mapped "{[/notifications],methods=[GET]}" onto public org.springframework.http.ResponseEntity<java.util.List<com.bootcamp.entities.Notification>> com.bootcamp.Generator.controllers.NotificationController.read()
[m[32m2017-12-19 13:25:20.011 WAT [main] o.s.w.s.m.m.a.RequestMappingHandlerMapping INFO : Mapped "{[/notifications/{id}],methods=[DELETE]}" onto public void com.bootcamp.Generator.controllers.NotificationController.delete(int)
[m[32m2017-12-19 13:25:20.012 WAT [main] o.s.w.s.m.m.a.RequestMappingHandlerMapping INFO : Mapped "{[/v2/api-docs],methods=[GET],produces=[application/json || application/hal+json]}" onto public org.springframework.http.ResponseEntity<springfox.documentation.spring.web.json.Json> springfox.documentation.swagger2.web.Swagger2Controller.getDocumentation(java.lang.String,javax.servlet.http.HttpServletRequest)
[m[32m2017-12-19 13:25:20.026 WAT [main] o.s.w.s.m.m.a.RequestMappingHandlerMapping INFO : Mapped "{[/swagger-resources/configuration/security]}" onto org.springframework.http.ResponseEntity<springfox.documentation.swagger.web.SecurityConfiguration> springfox.documentation.swagger.web.ApiResourceController.securityConfiguration()
[m[32m2017-12-19 13:25:20.035 WAT [main] o.s.w.s.m.m.a.RequestMappingHandlerMapping INFO : Mapped "{[/swagger-resources]}" onto org.springframework.http.ResponseEntity<java.util.List<springfox.documentation.swagger.web.SwaggerResource>> springfox.documentation.swagger.web.ApiResourceController.swaggerResources()
[m[32m2017-12-19 13:25:20.036 WAT [main] o.s.w.s.m.m.a.RequestMappingHandlerMapping INFO : Mapped "{[/swagger-resources/configuration/ui]}" onto org.springframework.http.ResponseEntity<springfox.documentation.swagger.web.UiConfiguration> springfox.documentation.swagger.web.ApiResourceController.uiConfiguration()
[m[32m2017-12-19 13:25:20.049 WAT [main] o.s.w.s.m.m.a.RequestMappingHandlerMapping INFO : Mapped "{[/error],produces=[text/html]}" onto public org.springframework.web.servlet.ModelAndView org.springframework.boot.autoconfigure.web.BasicErrorController.errorHtml(javax.servlet.http.HttpServletRequest,javax.servlet.http.HttpServletResponse)
[m[32m2017-12-19 13:25:20.051 WAT [main] o.s.w.s.m.m.a.RequestMappingHandlerMapping INFO : Mapped "{[/error]}" onto public org.springframework.http.ResponseEntity<java.util.Map<java.lang.String, java.lang.Object>> org.springframework.boot.autoconfigure.web.BasicErrorController.error(javax.servlet.http.HttpServletRequest)
[m[32m2017-12-19 13:25:21.266 WAT [main] o.s.b.a.e.m.EndpointHandlerMapping INFO : Mapped "{[/loggers/{name:.*}],methods=[GET],produces=[application/vnd.spring-boot.actuator.v1+json || application/json]}" onto public java.lang.Object org.springframework.boot.actuate.endpoint.mvc.LoggersMvcEndpoint.get(java.lang.String)
[m[32m2017-12-19 13:25:21.267 WAT [main] o.s.b.a.e.m.EndpointHandlerMapping INFO : Mapped "{[/loggers/{name:.*}],methods=[POST],consumes=[application/vnd.spring-boot.actuator.v1+json || application/json],produces=[application/vnd.spring-boot.actuator.v1+json || application/json]}" onto public java.lang.Object org.springframework.boot.actuate.endpoint.mvc.LoggersMvcEndpoint.set(java.lang.String,java.util.Map<java.lang.String, java.lang.String>)
[m[32m2017-12-19 13:25:21.268 WAT [main] o.s.b.a.e.m.EndpointHandlerMapping INFO : Mapped "{[/loggers || /loggers.json],methods=[GET],produces=[application/vnd.spring-boot.actuator.v1+json || application/json]}" onto public java.lang.Object org.springframework.boot.actuate.endpoint.mvc.EndpointMvcAdapter.invoke()
[m[32m2017-12-19 13:25:21.286 WAT [main] o.s.b.a.e.m.EndpointHandlerMapping INFO : Mapped "{[/metrics/{name:.*}],methods=[GET],produces=[application/vnd.spring-boot.actuator.v1+json || application/json]}" onto public java.lang.Object org.springframework.boot.actuate.endpoint.mvc.MetricsMvcEndpoint.value(java.lang.String)
[m[32m2017-12-19 13:25:21.288 WAT [main] o.s.b.a.e.m.EndpointHandlerMapping INFO : Mapped "{[/metrics || /metrics.json],methods=[GET],produces=[application/vnd.spring-boot.actuator.v1+json || application/json]}" onto public java.lang.Object org.springframework.boot.actuate.endpoint.mvc.EndpointMvcAdapter.invoke()
[m[32m2017-12-19 13:25:21.294 WAT [main] o.s.b.a.e.m.EndpointHandlerMapping INFO : Mapped "{[/beans || /beans.json],methods=[GET],produces=[application/vnd.spring-boot.actuator.v1+json || application/json]}" onto public java.lang.Object org.springframework.boot.actuate.endpoint.mvc.EndpointMvcAdapter.invoke()
[m[32m2017-12-19 13:25:21.297 WAT [main] o.s.b.a.e.m.EndpointHandlerMapping INFO : Mapped "{[/mappings || /mappings.json],methods=[GET],produces=[application/vnd.spring-boot.actuator.v1+json || application/json]}" onto public java.lang.Object org.springframework.boot.actuate.endpoint.mvc.EndpointMvcAdapter.invoke()
[m[32m2017-12-19 13:25:21.299 WAT [main] o.s.b.a.e.m.EndpointHandlerMapping INFO : Mapped "{[/heapdump || /heapdump.json],methods=[GET],produces=[application/octet-stream]}" onto public void org.springframework.boot.actuate.endpoint.mvc.HeapdumpMvcEndpoint.invoke(boolean,javax.servlet.http.HttpServletRequest,javax.servlet.http.HttpServletResponse) throws java.io.IOException,javax.servlet.ServletException
[m[32m2017-12-19 13:25:21.310 WAT [main] o.s.b.a.e.m.EndpointHandlerMapping INFO : Mapped "{[/autoconfig || /autoconfig.json],methods=[GET],produces=[application/vnd.spring-boot.actuator.v1+json || application/json]}" onto public java.lang.Object org.springframework.boot.actuate.endpoint.mvc.EndpointMvcAdapter.invoke()
[m[32m2017-12-19 13:25:21.318 WAT [main] o.s.b.a.e.m.EndpointHandlerMapping INFO : Mapped "{[/health || /health.json],methods=[GET],produces=[application/vnd.spring-boot.actuator.v1+json || application/json]}" onto public java.lang.Object org.springframework.boot.actuate.endpoint.mvc.HealthMvcEndpoint.invoke(javax.servlet.http.HttpServletRequest,java.security.Principal)
[m[32m2017-12-19 13:25:21.321 WAT [main] o.s.b.a.e.m.EndpointHandlerMapping INFO : Mapped "{[/trace || /trace.json],methods=[GET],produces=[application/vnd.spring-boot.actuator.v1+json || application/json]}" onto public java.lang.Object org.springframework.boot.actuate.endpoint.mvc.EndpointMvcAdapter.invoke()
[m[32m2017-12-19 13:25:21.328 WAT [main] o.s.b.a.e.m.EndpointHandlerMapping INFO : Mapped "{[/auditevents || /auditevents.json],methods=[GET],produces=[application/vnd.spring-boot.actuator.v1+json || application/json]}" onto public org.springframework.http.ResponseEntity<?> org.springframework.boot.actuate.endpoint.mvc.AuditEventsMvcEndpoint.findByPrincipalAndAfterAndType(java.lang.String,java.util.Date,java.lang.String)
[m[32m2017-12-19 13:25:21.339 WAT [main] o.s.b.a.e.m.EndpointHandlerMapping INFO : Mapped "{[/dump || /dump.json],methods=[GET],produces=[application/vnd.spring-boot.actuator.v1+json || application/json]}" onto public java.lang.Object org.springframework.boot.actuate.endpoint.mvc.EndpointMvcAdapter.invoke()
[m[32m2017-12-19 13:25:21.349 WAT [main] o.s.b.a.e.m.EndpointHandlerMapping INFO : Mapped "{[/configprops || /configprops.json],methods=[GET],produces=[application/vnd.spring-boot.actuator.v1+json || application/json]}" onto public java.lang.Object org.springframework.boot.actuate.endpoint.mvc.EndpointMvcAdapter.invoke()
[m[32m2017-12-19 13:25:21.358 WAT [main] o.s.b.a.e.m.EndpointHandlerMapping INFO : Mapped "{[/env/{name:.*}],methods=[GET],produces=[application/vnd.spring-boot.actuator.v1+json || application/json]}" onto public java.lang.Object org.springframework.boot.actuate.endpoint.mvc.EnvironmentMvcEndpoint.value(java.lang.String)
[m[32m2017-12-19 13:25:21.359 WAT [main] o.s.b.a.e.m.EndpointHandlerMapping INFO : Mapped "{[/env || /env.json],methods=[GET],produces=[application/vnd.spring-boot.actuator.v1+json || application/json]}" onto public java.lang.Object org.springframework.boot.actuate.endpoint.mvc.EndpointMvcAdapter.invoke()
[m[32m2017-12-19 13:25:21.360 WAT [main] o.s.b.a.e.m.EndpointHandlerMapping INFO : Mapped "{[/info || /info.json],methods=[GET],produces=[application/vnd.spring-boot.actuator.v1+json || application/json]}" onto public java.lang.Object org.springframework.boot.actuate.endpoint.mvc.EndpointMvcAdapter.invoke()
[m[32m2017-12-19 13:25:22.416 WAT [main] o.s.w.s.h.SimpleUrlHandlerMapping INFO : Mapped URL path [/swagger-ui.html] onto handler of type [class org.springframework.web.servlet.resource.ResourceHttpRequestHandler]
[m[32m2017-12-19 13:25:22.416 WAT [main] o.s.w.s.h.SimpleUrlHandlerMapping INFO : Mapped URL path [/webjars/**] onto handler of type [class org.springframework.web.servlet.resource.ResourceHttpRequestHandler]
[m[32m2017-12-19 13:25:22.706 WAT [main] o.s.w.s.m.m.a.RequestMappingHandlerAdapter INFO : Looking for @ControllerAdvice: org.springframework.boot.context.embedded.AnnotationConfigEmbeddedWebApplicationContext@7c968e7: startup date [Tue Dec 19 13:25:07 WAT 2017]; root of context hierarchy
[m[33m2017-12-19 13:25:26.125 WAT [main] o.s.b.a.t.AbstractTemplateResolverConfiguration WARN : Cannot find template location: classpath:/templates/ (please add some templates or check your Thymeleaf configuration)
[m[32m2017-12-19 13:25:26.597 WAT [main] o.s.j.e.a.AnnotationMBeanExporter INFO : Registering beans for JMX exposure on startup
[m[32m2017-12-19 13:25:26.652 WAT [main] o.s.b.a.e.j.EndpointMBeanExporter INFO : Registering beans for JMX exposure on startup
[m[32m2017-12-19 13:25:26.682 WAT [main] o.s.c.s.DefaultLifecycleProcessor INFO : Starting beans in phase 0
[m[32m2017-12-19 13:25:26.694 WAT [main] o.s.b.a.e.j.EndpointMBeanExporter INFO : Located managed bean 'auditEventsEndpoint': registering with JMX server as MBean [org.springframework.boot:type=Endpoint,name=auditEventsEndpoint]
[m[32m2017-12-19 13:25:26.776 WAT [main] o.s.b.a.e.j.EndpointMBeanExporter INFO : Located managed bean 'requestMappingEndpoint': registering with JMX server as MBean [org.springframework.boot:type=Endpoint,name=requestMappingEndpoint]
[m[32m2017-12-19 13:25:26.821 WAT [main] o.s.b.a.e.j.EndpointMBeanExporter INFO : Located managed bean 'environmentEndpoint': registering with JMX server as MBean [org.springframework.boot:type=Endpoint,name=environmentEndpoint]
[m[32m2017-12-19 13:25:26.842 WAT [main] o.s.b.a.e.j.EndpointMBeanExporter INFO : Located managed bean 'healthEndpoint': registering with JMX server as MBean [org.springframework.boot:type=Endpoint,name=healthEndpoint]
[m[32m2017-12-19 13:25:26.858 WAT [main] o.s.b.a.e.j.EndpointMBeanExporter INFO : Located managed bean 'beansEndpoint': registering with JMX server as MBean [org.springframework.boot:type=Endpoint,name=beansEndpoint]
[m[32m2017-12-19 13:25:26.870 WAT [main] o.s.b.a.e.j.EndpointMBeanExporter INFO : Located managed bean 'infoEndpoint': registering with JMX server as MBean [org.springframework.boot:type=Endpoint,name=infoEndpoint]
[m[32m2017-12-19 13:25:26.893 WAT [main] o.s.b.a.e.j.EndpointMBeanExporter INFO : Located managed bean 'loggersEndpoint': registering with JMX server as MBean [org.springframework.boot:type=Endpoint,name=loggersEndpoint]
[m[32m2017-12-19 13:25:26.915 WAT [main] o.s.b.a.e.j.EndpointMBeanExporter INFO : Located managed bean 'metricsEndpoint': registering with JMX server as MBean [org.springframework.boot:type=Endpoint,name=metricsEndpoint]
[m[32m2017-12-19 13:25:26.925 WAT [main] o.s.b.a.e.j.EndpointMBeanExporter INFO : Located managed bean 'traceEndpoint': registering with JMX server as MBean [org.springframework.boot:type=Endpoint,name=traceEndpoint]
[m[32m2017-12-19 13:25:26.945 WAT [main] o.s.b.a.e.j.EndpointMBeanExporter INFO : Located managed bean 'dumpEndpoint': registering with JMX server as MBean [org.springframework.boot:type=Endpoint,name=dumpEndpoint]
[m[32m2017-12-19 13:25:26.960 WAT [main] o.s.b.a.e.j.EndpointMBeanExporter INFO : Located managed bean 'autoConfigurationReportEndpoint': registering with JMX server as MBean [org.springframework.boot:type=Endpoint,name=autoConfigurationReportEndpoint]
[m[32m2017-12-19 13:25:26.971 WAT [main] o.s.b.a.e.j.EndpointMBeanExporter INFO : Located managed bean 'configurationPropertiesReportEndpoint': registering with JMX server as MBean [org.springframework.boot:type=Endpoint,name=configurationPropertiesReportEndpoint]
[m[32m2017-12-19 13:25:26.984 WAT [main] o.s.c.s.DefaultLifecycleProcessor INFO : Starting beans in phase 2147483647
[m[32m2017-12-19 13:25:27.929 WAT [main] o.s.b.c.e.t.TomcatEmbeddedServletContainer INFO : Tomcat started on port(s): 8092 (http)
[m[32m2017-12-19 13:25:27.950 WAT [main] c.b.a.Application INFO : Started Application in 23.443 seconds (JVM running for 37.733)
[m[32m2017-12-19 13:26:18.175 WAT [http-nio-8092-exec-2] o.s.w.s.DispatcherServlet INFO : FrameworkServlet 'dispatcherServlet': initialization started
[m[32m2017-12-19 13:26:18.336 WAT [http-nio-8092-exec-2] o.s.w.s.DispatcherServlet INFO : FrameworkServlet 'dispatcherServlet': initialization completed in 150 ms
[m